INFO        logger:ctrl.desktop    2022-08-18 11:17:49,452   filename:menu_principal.py  módulo:menu_principal       função:__init__              mensagem:inicio
INFO        logger:ctrl.desktop    2022-08-18 11:17:49,453   filename:menu_principal.py  módulo:menu_principal       função:__init__              mensagem:dicionario gr.log_dic:{'log_no_terminal': True, 'log_no_arquivo': True, 'log_caminho': '/home/john/Documentos/sistemas/python/desktop/gtk4/ctrl/fileslog', 'log_nome': 'ctrl_log.log', 'log_tipo': 'INFO', 'log_format': '%(levelname)-10s  logger:%(name)-15s %(asctime)s   filename:%(filename)s  módulo:%(module)-20s função:%(funcName)-20s  mensagem:%(message)s'}
INFO        logger:ctrl.desktop    2022-08-18 11:17:49,455   filename:menu_principal.py  módulo:menu_principal       função:do_startup            mensagem:executei do_startup
INFO        logger:ctrl.desktop    2022-08-18 11:17:49,488   filename:menu_principal.py  módulo:menu_principal       função:do_activate           mensagem:executei do_activate
INFO        logger:ctrl.desktop    2022-08-18 11:17:49,497   filename:menu_principal.py  módulo:menu_principal       função:__init__              mensagem:inicio
INFO        logger:ctrl.desktop    2022-08-18 11:17:49,498   filename:menu_principal.py  módulo:menu_principal       função:__init__              mensagem:Geral.log_dic:{'log_no_terminal': True, 'log_no_arquivo': True, 'log_caminho': '/home/john/Documentos/sistemas/python/desktop/gtk4/ctrl/fileslog', 'log_nome': 'ctrl_log.log', 'log_tipo': 'INFO', 'log_format': '%(levelname)-10s  logger:%(name)-15s %(asctime)s   filename:%(filename)s  módulo:%(module)-20s função:%(funcName)-20s  mensagem:%(message)s'}
INFO        logger:ctrl.desktop    2022-08-18 11:17:49,498   filename:menu_principal.py  módulo:menu_principal       função:montagem_janela       mensagem:inicio
INFO        logger:ctrl.desktop    2022-08-18 11:17:51,904   filename:menu_principal.py  módulo:menu_principal       função:do_shutdown           mensagem:executei do_shutdown
INFO        logger:ctrl.desktop    2022-08-18 11:18:08,376   filename:menu_principal.py  módulo:menu_principal       função:__init__              mensagem:inicio
INFO        logger:ctrl.desktop    2022-08-18 11:18:08,376   filename:menu_principal.py  módulo:menu_principal       função:__init__              mensagem:dicionario gr.log_dic:{'log_no_terminal': True, 'log_no_arquivo': True, 'log_caminho': '/home/john/Documentos/sistemas/python/desktop/gtk4/ctrl/fileslog', 'log_nome': 'ctrl_log.log', 'log_tipo': 'INFO', 'log_format': '%(levelname)-10s  logger:%(name)-15s %(asctime)s   filename:%(filename)s  módulo:%(module)-20s função:%(funcName)-20s  mensagem:%(message)s'}
INFO        logger:ctrl.desktop    2022-08-18 11:18:08,377   filename:menu_principal.py  módulo:menu_principal       função:do_startup            mensagem:executei do_startup
INFO        logger:ctrl.desktop    2022-08-18 11:18:08,401   filename:menu_principal.py  módulo:menu_principal       função:do_activate           mensagem:executei do_activate
INFO        logger:ctrl.desktop    2022-08-18 11:18:08,403   filename:menu_principal.py  módulo:menu_principal       função:__init__              mensagem:inicio
INFO        logger:ctrl.desktop    2022-08-18 11:18:08,403   filename:menu_principal.py  módulo:menu_principal       função:__init__              mensagem:Geral.log_dic:{'log_no_terminal': True, 'log_no_arquivo': True, 'log_caminho': '/home/john/Documentos/sistemas/python/desktop/gtk4/ctrl/fileslog', 'log_nome': 'ctrl_log.log', 'log_tipo': 'INFO', 'log_format': '%(levelname)-10s  logger:%(name)-15s %(asctime)s   filename:%(filename)s  módulo:%(module)-20s função:%(funcName)-20s  mensagem:%(message)s'}
INFO        logger:ctrl.desktop    2022-08-18 11:18:08,404   filename:menu_principal.py  módulo:menu_principal       função:montagem_janela       mensagem:inicio
INFO        logger:ctrl.desktop    2022-08-18 11:18:08,404   filename:menu_principal.py  módulo:menu_principal       função:montagem_janela       mensagem:inicio
INFO        logger:ctrl.desktop    2022-08-18 11:18:08,405   filename:menu_principal.py  módulo:menu_principal       função:montagem_menu         mensagem:inicio
INFO        logger:ctrl.desktop    2022-08-18 11:18:08,405   filename:menu_principal.py  módulo:menu_principal       função:montagem_menu         mensagem:inicio
INFO        logger:ctrl.desktop    2022-08-18 11:18:12,316   filename:menu_principal.py  módulo:menu_principal       função:do_shutdown           mensagem:executei do_shutdown
INFO        logger:ctrl.desktop    2022-08-18 11:19:42,662   filename:menu_principal.py  módulo:menu_principal       função:__init__              mensagem:inicio
INFO        logger:ctrl.desktop    2022-08-18 11:19:42,662   filename:menu_principal.py  módulo:menu_principal       função:__init__              mensagem:dicionario gr.log_dic:{'log_no_terminal': True, 'log_no_arquivo': True, 'log_caminho': '/home/john/Documentos/sistemas/python/desktop/gtk4/ctrl/fileslog', 'log_nome': 'ctrl_log.log', 'log_tipo': 'INFO', 'log_format': '%(levelname)-10s  logger:%(name)-15s %(asctime)s   filename:%(filename)s  módulo:%(module)-20s função:%(funcName)-20s  mensagem:%(message)s'}
INFO        logger:ctrl.desktop    2022-08-18 11:19:42,663   filename:menu_principal.py  módulo:menu_principal       função:do_startup            mensagem:executei do_startup
INFO        logger:ctrl.desktop    2022-08-18 11:19:42,688   filename:menu_principal.py  módulo:menu_principal       função:do_activate           mensagem:executei do_activate
INFO        logger:ctrl.desktop    2022-08-18 11:19:42,691   filename:menu_principal.py  módulo:menu_principal       função:__init__              mensagem:inicio
INFO        logger:ctrl.desktop    2022-08-18 11:19:42,691   filename:menu_principal.py  módulo:menu_principal       função:__init__              mensagem:Geral.log_dic:{'log_no_terminal': True, 'log_no_arquivo': True, 'log_caminho': '/home/john/Documentos/sistemas/python/desktop/gtk4/ctrl/fileslog', 'log_nome': 'ctrl_log.log', 'log_tipo': 'INFO', 'log_format': '%(levelname)-10s  logger:%(name)-15s %(asctime)s   filename:%(filename)s  módulo:%(module)-20s função:%(funcName)-20s  mensagem:%(message)s'}
INFO        logger:ctrl.desktop    2022-08-18 11:19:42,691   filename:menu_principal.py  módulo:menu_principal       função:montagem_janela       mensagem:inicio
INFO        logger:ctrl.desktop    2022-08-18 11:19:42,691   filename:menu_principal.py  módulo:menu_principal       função:montagem_headerbar    mensagem:inicio
INFO        logger:ctrl.desktop    2022-08-18 11:19:42,693   filename:menu_principal.py  módulo:menu_principal       função:montagem_menu         mensagem:inicio
INFO        logger:ctrl.desktop    2022-08-18 11:19:42,693   filename:menu_principal.py  módulo:menu_principal       função:montagem_menu         mensagem:inicio
INFO        logger:ctrl.desktop    2022-08-18 11:19:45,986   filename:menu_principal.py  módulo:menu_principal       função:do_shutdown           mensagem:executei do_shutdown
INFO        logger:ctrl.desktop    2022-08-18 11:20:27,120   filename:menu_principal.py  módulo:menu_principal       função:__init__              mensagem:inicio
INFO        logger:ctrl.desktop    2022-08-18 11:20:27,120   filename:menu_principal.py  módulo:menu_principal       função:__init__              mensagem:dicionario gr.log_dic:{'log_no_terminal': True, 'log_no_arquivo': True, 'log_caminho': '/home/john/Documentos/sistemas/python/desktop/gtk4/ctrl/fileslog', 'log_nome': 'ctrl_log.log', 'log_tipo': 'INFO', 'log_format': '%(levelname)-10s  logger:%(name)-15s %(asctime)s   filename:%(filename)s  módulo:%(module)-20s função:%(funcName)-20s  mensagem:%(message)s'}
INFO        logger:ctrl.desktop    2022-08-18 11:20:27,121   filename:menu_principal.py  módulo:menu_principal       função:do_startup            mensagem:executei do_startup
INFO        logger:ctrl.desktop    2022-08-18 11:20:27,159   filename:menu_principal.py  módulo:menu_principal       função:do_activate           mensagem:executei do_activate
INFO        logger:ctrl.desktop    2022-08-18 11:20:27,160   filename:menu_principal.py  módulo:menu_principal       função:__init__              mensagem:inicio
INFO        logger:ctrl.desktop    2022-08-18 11:20:27,160   filename:menu_principal.py  módulo:menu_principal       função:__init__              mensagem:Geral.log_dic:{'log_no_terminal': True, 'log_no_arquivo': True, 'log_caminho': '/home/john/Documentos/sistemas/python/desktop/gtk4/ctrl/fileslog', 'log_nome': 'ctrl_log.log', 'log_tipo': 'INFO', 'log_format': '%(levelname)-10s  logger:%(name)-15s %(asctime)s   filename:%(filename)s  módulo:%(module)-20s função:%(funcName)-20s  mensagem:%(message)s'}
INFO        logger:ctrl.desktop    2022-08-18 11:20:27,161   filename:menu_principal.py  módulo:menu_principal       função:montagem_janela       mensagem:inicio
INFO        logger:ctrl.desktop    2022-08-18 11:20:27,161   filename:menu_principal.py  módulo:menu_principal       função:montagem_headerbar    mensagem:inicio
INFO        logger:ctrl.desktop    2022-08-18 11:20:27,163   filename:menu_principal.py  módulo:menu_principal       função:montagem_menu         mensagem:inicio
INFO        logger:ctrl.desktop    2022-08-18 11:20:27,163   filename:menu_principal.py  módulo:menu_principal       função:montagem_menu         mensagem:inicio
INFO        logger:ctrl.desktop    2022-08-18 11:20:29,817   filename:menu_principal.py  módulo:menu_principal       função:do_shutdown           mensagem:executei do_shutdown
